root - INFO - running editable_wheel
root - INFO - creating C:\Users\bisit\AppData\Local\Temp\pip-wheel-x5gg_uau\.tmp-smlcb2ft\gooseDownloader.egg-info
root - INFO - writing C:\Users\bisit\AppData\Local\Temp\pip-wheel-x5gg_uau\.tmp-smlcb2ft\gooseDownloader.egg-info\PKG-INFO
root - INFO - writing dependency_links to C:\Users\bisit\AppData\Local\Temp\pip-wheel-x5gg_uau\.tmp-smlcb2ft\gooseDownloader.egg-info\dependency_links.txt
root - INFO - writing requirements to C:\Users\bisit\AppData\Local\Temp\pip-wheel-x5gg_uau\.tmp-smlcb2ft\gooseDownloader.egg-info\requires.txt
root - INFO - writing top-level names to C:\Users\bisit\AppData\Local\Temp\pip-wheel-x5gg_uau\.tmp-smlcb2ft\gooseDownloader.egg-info\top_level.txt
root - INFO - writing manifest file 'C:\Users\bisit\AppData\Local\Temp\pip-wheel-x5gg_uau\.tmp-smlcb2ft\gooseDownloader.egg-info\SOURCES.txt'
root - INFO - reading manifest file 'C:\Users\bisit\AppData\Local\Temp\pip-wheel-x5gg_uau\.tmp-smlcb2ft\gooseDownloader.egg-info\SOURCES.txt'
root - INFO - adding license file 'License.md'
root - INFO - writing manifest file 'C:\Users\bisit\AppData\Local\Temp\pip-wheel-x5gg_uau\.tmp-smlcb2ft\gooseDownloader.egg-info\SOURCES.txt'
root - INFO - creating 'C:\Users\bisit\AppData\Local\Temp\pip-wheel-x5gg_uau\.tmp-smlcb2ft\gooseDownloader-0.1.0.dist-info'
root - INFO - creating C:\Users\bisit\AppData\Local\Temp\pip-wheel-x5gg_uau\.tmp-smlcb2ft\gooseDownloader-0.1.0.dist-info\WHEEL
root - INFO - running build_py
root - INFO - running egg_info
root - INFO - creating C:\Users\bisit\AppData\Local\Temp\tmpp8th2sv4.build-temp\gooseDownloader.egg-info
root - INFO - writing C:\Users\bisit\AppData\Local\Temp\tmpp8th2sv4.build-temp\gooseDownloader.egg-info\PKG-INFO
root - INFO - writing dependency_links to C:\Users\bisit\AppData\Local\Temp\tmpp8th2sv4.build-temp\gooseDownloader.egg-info\dependency_links.txt
root - INFO - writing requirements to C:\Users\bisit\AppData\Local\Temp\tmpp8th2sv4.build-temp\gooseDownloader.egg-info\requires.txt
root - INFO - writing top-level names to C:\Users\bisit\AppData\Local\Temp\tmpp8th2sv4.build-temp\gooseDownloader.egg-info\top_level.txt
root - INFO - writing manifest file 'C:\Users\bisit\AppData\Local\Temp\tmpp8th2sv4.build-temp\gooseDownloader.egg-info\SOURCES.txt'
root - INFO - reading manifest file 'C:\Users\bisit\AppData\Local\Temp\tmpp8th2sv4.build-temp\gooseDownloader.egg-info\SOURCES.txt'
root - INFO - adding license file 'License.md'
root - INFO - writing manifest file 'C:\Users\bisit\AppData\Local\Temp\tmpp8th2sv4.build-temp\gooseDownloader.egg-info\SOURCES.txt'
setuptools.command.editable_wheel - WARNING - Editable install will be performed using a meta path finder.

Options like `package-data`, `include/exclude-package-data` or
`packages.find.exclude/include` may have no effect.

wheel - INFO - adding '__editable___gooseDownloader_0_1_0_finder.py'
wheel - INFO - adding '__editable__.gooseDownloader-0.1.0.pth'
wheel - INFO - creating 'C:\Users\bisit\AppData\Local\Temp\pip-wheel-x5gg_uau\.tmp-smlcb2ft\gooseDownloader-0.1.0-0.editable-py3-none-any.whl' and adding 'C:\Users\bisit\AppData\Local\Temp\tmpibt27un1gooseDownloader-0.1.0-0.editable-py3-none-any.whl' to it
wheel - INFO - adding 'gooseDownloader-0.1.0.dist-info/License.md'
wheel - INFO - adding 'gooseDownloader-0.1.0.dist-info/METADATA'
wheel - INFO - adding 'gooseDownloader-0.1.0.dist-info/WHEEL'
wheel - INFO - adding 'gooseDownloader-0.1.0.dist-info/top_level.txt'
wheel - INFO - adding 'gooseDownloader-0.1.0.dist-info/RECORD'
